#
# There is insufficient memory for the Java Runtime Environment to continue.
# Native memory allocation (malloc) failed to allocate 32744 bytes for ChunkPool::allocate
# Possible reasons:
#   The system is out of physical RAM or swap space
#   The process is running with CompressedOops enabled, and the Java Heap may be blocking the growth of the native heap
# Possible solutions:
#   Reduce memory load on the system
#   Increase physical memory or swap space
#   Check if swap backing store is full
#   Decrease Java heap size (-Xmx/-Xms)
#   Decrease number of Java threads
#   Decrease Java thread stack sizes (-Xss)
#   Set larger code cache with -XX:ReservedCodeCacheSize=
#   JVM is running with Unscaled Compressed Oops mode in which the Java heap is
#     placed in the first 4GB address space. The Java Heap base address is the
#     maximum limit for the native heap growth. Please use -XX:HeapBaseMinAddress
#     to set the Java Heap base and to place the Java Heap above 4GB virtual address.
# This output file may be truncated or incomplete.
#
#  Out of Memory Error (allocation.cpp:272), pid=6972, tid=0x0000000000000c8c
#
# JRE version: OpenJDK Runtime Environment (8.0_242-b08) (build 1.8.0_242-b08)
# Java VM: OpenJDK 64-Bit Server VM (25.242-b08 mixed mode windows-amd64 compressed oops)
# Failed to write core dump. Minidumps are not enabled by default on client versions of Windows
#

---------------  T H R E A D  ---------------

Current thread (0x000002b375c9b800):  JavaThread "C2 CompilerThread0" daemon [_thread_in_native, id=3212, stack(0x000000ecc2000000,0x000000ecc2100000)]

Stack: [0x000000ecc2000000,0x000000ecc2100000]
[error occurred during error reporting (printing stack bounds), id 0xc0000005]

Native frames: (J=compiled Java code, j=interpreted, Vv=VM code, C=native code)


Current CompileTask:
C2:  56523 4826   !   4       java.io.ObjectOutputStream::writeObject0 (619 bytes)


---------------  P R O C E S S  ---------------

Java Threads: ( => current thread )
  0x000002b379581800 JavaThread "Build operations Thread 2" [_thread_blocked, id=7048, stack(0x000000ecc3900000,0x000000ecc3a00000)]
  0x000002b37957a000 JavaThread "Build operations" [_thread_blocked, id=7944, stack(0x000000ecc3800000,0x000000ecc3900000)]
  0x000002b379580000 JavaThread "Cache worker for execution history cache (C:\Users\vjsud\.gradle\caches\6.0.1\executionHistory)" [_thread_blocked, id=6728, stack(0x000000ecc3400000,0x000000ecc3500000)]
  0x000002b377b5b000 JavaThread "Cache worker for journal cache (C:\Users\vjsud\.gradle\caches\journal-1)" [_thread_blocked, id=8244, stack(0x000000ecc3000000,0x000000ecc3100000)]
  0x000002b377b5d800 JavaThread "File lock request listener" [_thread_in_native, id=10048, stack(0x000000ecc2f00000,0x000000ecc3000000)]
  0x000002b3769e1000 JavaThread "Cache worker for file hash cache (C:\Users\vjsud\.gradle\caches\6.0.1\fileHashes)" [_thread_blocked, id=5628, stack(0x000000ecc2e00000,0x000000ecc2f00000)]
  0x000002b3779be000 JavaThread "Thread-9" [_thread_blocked, id=9564, stack(0x000000ecc2d00000,0x000000ecc2e00000)]
  0x000002b3779bd000 JavaThread "Stdin handler" [_thread_blocked, id=2600, stack(0x000000ecc2c00000,0x000000ecc2d00000)]
  0x000002b3779ba800 JavaThread "Asynchronous log dispatcher for DefaultDaemonConnection: socket connection from /127.0.0.1:51693 to /127.0.0.1:51694" [_thread_blocked, id=2664, stack(0x000000ecc2b00000,0x000000ecc2c00000)]
  0x000002b3779b7000 JavaThread "Daemon worker" [_thread_in_vm, id=5220, stack(0x000000ecc2a00000,0x000000ecc2b00000)]
  0x000002b3779b5000 JavaThread "Cancel handler" [_thread_blocked, id=7556, stack(0x000000ecc2900000,0x000000ecc2a00000)]
  0x000002b376e15800 JavaThread "Handler for socket connection from /127.0.0.1:51693 to /127.0.0.1:51694" [_thread_in_native, id=9880, stack(0x000000ecc2800000,0x000000ecc2900000)]
  0x000002b376e14800 JavaThread "Daemon" [_thread_blocked, id=10224, stack(0x000000ecc2700000,0x000000ecc2800000)]
  0x000002b376d7b000 JavaThread "Daemon periodic checks" [_thread_blocked, id=2680, stack(0x000000ecc2600000,0x000000ecc2700000)]
  0x000002b376e5b000 JavaThread "Incoming local TCP Connector on port 51693" [_thread_in_native, id=9380, stack(0x000000ecc2500000,0x000000ecc2600000)]
  0x000002b376e18800 JavaThread "Daemon health stats" [_thread_blocked, id=5652, stack(0x000000ecc2400000,0x000000ecc2500000)]
  0x000002b375d17800 JavaThread "Service Thread" daemon [_thread_blocked, id=9472, stack(0x000000ecc2200000,0x000000ecc2300000)]
  0x000002b375c9e000 JavaThread "C1 CompilerThread1" daemon [_thread_blocked, id=6004, stack(0x000000ecc2100000,0x000000ecc2200000)]
=>0x000002b375c9b800 JavaThread "C2 CompilerThread0" daemon [_thread_in_native, id=3212, stack(0x000000ecc2000000,0x000000ecc2100000)]
  0x000002b375c96800 JavaThread "Attach Listener" daemon [_thread_blocked, id=9284, stack(0x000000ecc1f00000,0x000000ecc2000000)]
  0x000002b375c93800 JavaThread "Signal Dispatcher" daemon [_thread_blocked, id=9788, stack(0x000000ecc1e00000,0x000000ecc1f00000)]
  0x000002b375c6f800 JavaThread "Finalizer" daemon [_thread_blocked, id=5840, stack(0x000000ecc1d00000,0x000000ecc1e00000)]
  0x000002b375c66000 JavaThread "Reference Handler" daemon [_thread_blocked, id=9408, stack(0x000000ecc1c00000,0x000000ecc1d00000)]
  0x000002b371ede000 JavaThread "main" [_thread_blocked, id=7976, stack(0x000000ecc1800000,0x000000ecc1900000)]

Other Threads:
  0x000002b3756ae800 VMThread [stack: 0x000000ecc1b00000,0x000000ecc1c00000] [id=2168]
  0x000002b375d18800 WatcherThread [stack: 0x000000ecc2300000,0x000000ecc2400000] [id=3880]

VM state:not at safepoint (normal execution)

VM Mutex/Monitor currently owned by a thread: None

heap address: 0x00000000e0000000, size: 512 MB, Compressed Oops mode: 32-bit
Narrow klass base: 0x0000000000000000, Narrow klass shift: 3
Compressed class space size: 1073741824 Address: 0x0000000100000000

Heap:
 PSYoungGen      total 160256K, used 85370K [0x00000000f5580000, 0x00000000ffe80000, 0x0000000100000000)
  eden space 147456K, 51% used [0x00000000f5580000,0x00000000f9ff5cb8,0x00000000fe580000)
  from space 12800K, 71% used [0x00000000ff200000,0x00000000ffae8da0,0x00000000ffe80000)
  to   space 12800K, 0% used [0x00000000fe580000,0x00000000fe580000,0x00000000ff200000)
 ParOldGen       total 175104K, used 17286K [0x00000000e0000000, 0x00000000eab00000, 0x00000000f5580000)
  object space 175104K, 9% used [0x00000000e0000000,0x00000000e10e1b70,0x00000000eab00000)
 Metaspace       used 45856K, capacity 46926K, committed 47104K, reserved 1089536K
  class space    used 5997K, capacity 6290K, committed 6400K, reserved 1048576K

Card table byte_map: [0x000002b373af0000,0x000002b373c00000] byte_map_base: 0x000002b3733f0000

Marking Bits: (ParMarkBitMap*) 0x000000006aac8030
 Begin Bits: [0x000002b373cb0000, 0x000002b3744b0000)
 End Bits:   [0x000002b3744b0000, 0x000002b374cb0000)

Polling page: 0x000002b372140000

CodeCache: size=245760Kb used=15917Kb max_used=15917Kb free=229842Kb
 bounds [0x000002b300000000, 0x000002b300fa0000, 0x000002b30f000000]
 total_blobs=5071 nmethods=4279 adapters=705
 compilation: enabled

Compilation events (10 events):
Event: 55.661 Thread 0x000002b375c9e000 4837       3       java.util.concurrent.ConcurrentLinkedQueue$Itr::hasNext (13 bytes)
Event: 55.662 Thread 0x000002b375c9e000 nmethod 4837 0x000002b300f97e90 code [0x000002b300f97fe0, 0x000002b300f98198]
Event: 55.662 Thread 0x000002b375c9e000 4838       3       java.util.concurrent.locks.ReentrantLock::isHeldByCurrentThread (8 bytes)
Event: 55.663 Thread 0x000002b375c9e000 nmethod 4838 0x000002b300f9c110 code [0x000002b300f9c280, 0x000002b300f9c5d8]
Event: 55.670 Thread 0x000002b375c9e000 4839       3       java.util.HashSet::remove (20 bytes)
Event: 55.670 Thread 0x000002b375c9e000 nmethod 4839 0x000002b300f97950 code [0x000002b300f97ac0, 0x000002b300f97d50]
Event: 55.671 Thread 0x000002b375c9e000 4840       3       java.util.concurrent.ConcurrentHashMap$Traverser::<init> (36 bytes)
Event: 55.671 Thread 0x000002b375c9e000 nmethod 4840 0x000002b300f9c690 code [0x000002b300f9c7e0, 0x000002b300f9c9d8]
Event: 55.671 Thread 0x000002b375c9e000 4841       3       java.util.concurrent.ConcurrentHashMap$BaseIterator::<init> (21 bytes)
Event: 55.672 Thread 0x000002b375c9e000 nmethod 4841 0x000002b300f9ca90 code [0x000002b300f9cc00, 0x000002b300f9ce80]

GC Heap History (10 events):
Event: 24.167 GC heap before
{Heap before GC invocations=6 (full 1):
 PSYoungGen      total 76288K, used 65536K [0x00000000f5580000, 0x00000000fea80000, 0x0000000100000000)
  eden space 65536K, 100% used [0x00000000f5580000,0x00000000f9580000,0x00000000f9580000)
  from space 10752K, 0% used [0x00000000fa000000,0x00000000fa000000,0x00000000faa80000)
  to   space 10752K, 0% used [0x00000000f9580000,0x00000000f9580000,0x00000000fa000000)
 ParOldGen       total 175104K, used 9412K [0x00000000e0000000, 0x00000000eab00000, 0x00000000f5580000)
  object space 175104K, 5% used [0x00000000e0000000,0x00000000e09312d0,0x00000000eab00000)
 Metaspace       used 30565K, capacity 31180K, committed 31360K, reserved 1077248K
  class space    used 3977K, capacity 4191K, committed 4224K, reserved 1048576K
Event: 24.202 GC heap after
Heap after GC invocations=6 (full 1):
 PSYoungGen      total 76288K, used 10029K [0x00000000f5580000, 0x00000000fd700000, 0x0000000100000000)
  eden space 65536K, 0% used [0x00000000f5580000,0x00000000f5580000,0x00000000f9580000)
  from space 10752K, 93% used [0x00000000f9580000,0x00000000f9f4b440,0x00000000fa000000)
  to   space 13824K, 0% used [0x00000000fc980000,0x00000000fc980000,0x00000000fd700000)
 ParOldGen       total 175104K, used 9420K [0x00000000e0000000, 0x00000000eab00000, 0x00000000f5580000)
  object space 175104K, 5% used [0x00000000e0000000,0x00000000e09332d0,0x00000000eab00000)
 Metaspace       used 30565K, capacity 31180K, committed 31360K, reserved 1077248K
  class space    used 3977K, capacity 4191K, committed 4224K, reserved 1048576K
}
Event: 28.031 GC heap before
{Heap before GC invocations=7 (full 1):
 PSYoungGen      total 76288K, used 75565K [0x00000000f5580000, 0x00000000fd700000, 0x0000000100000000)
  eden space 65536K, 100% used [0x00000000f5580000,0x00000000f9580000,0x00000000f9580000)
  from space 10752K, 93% used [0x00000000f9580000,0x00000000f9f4b440,0x00000000fa000000)
  to   space 13824K, 0% used [0x00000000fc980000,0x00000000fc980000,0x00000000fd700000)
 ParOldGen       total 175104K, used 9420K [0x00000000e0000000, 0x00000000eab00000, 0x00000000f5580000)
  object space 175104K, 5% used [0x00000000e0000000,0x00000000e09332d0,0x00000000eab00000)
 Metaspace       used 33612K, capacity 34372K, committed 34688K, reserved 1079296K
  class space    used 4463K, capacity 4672K, committed 4736K, reserved 1048576K
Event: 28.658 GC heap after
Heap after GC invocations=7 (full 1):
 PSYoungGen      total 118784K, used 10396K [0x00000000f5580000, 0x00000000fe680000, 0x0000000100000000)
  eden space 104960K, 0% used [0x00000000f5580000,0x00000000f5580000,0x00000000fbc00000)
  from space 13824K, 75% used [0x00000000fc980000,0x00000000fd3a71c8,0x00000000fd700000)
  to   space 13824K, 0% used [0x00000000fbc00000,0x00000000fbc00000,0x00000000fc980000)
 ParOldGen       total 175104K, used 9428K [0x00000000e0000000, 0x00000000eab00000, 0x00000000f5580000)
  object space 175104K, 5% used [0x00000000e0000000,0x00000000e09352d0,0x00000000eab00000)
 Metaspace       used 33612K, capacity 34372K, committed 34688K, reserved 1079296K
  class space    used 4463K, capacity 4672K, committed 4736K, reserved 1048576K
}
Event: 29.506 GC heap before
{Heap before GC invocations=8 (full 1):
 PSYoungGen      total 118784K, used 30192K [0x00000000f5580000, 0x00000000fe680000, 0x0000000100000000)
  eden space 104960K, 18% used [0x00000000f5580000,0x00000000f68d4ff8,0x00000000fbc00000)
  from space 13824K, 75% used [0x00000000fc980000,0x00000000fd3a71c8,0x00000000fd700000)
  to   space 13824K, 0% used [0x00000000fbc00000,0x00000000fbc00000,0x00000000fc980000)
 ParOldGen       total 175104K, used 9428K [0x00000000e0000000, 0x00000000eab00000, 0x00000000f5580000)
  object space 175104K, 5% used [0x00000000e0000000,0x00000000e09352d0,0x00000000eab00000)
 Metaspace       used 34628K, capacity 35408K, committed 35496K, reserved 1079296K
  class space    used 4605K, capacity 4840K, committed 4864K, reserved 1048576K
Event: 29.560 GC heap after
Heap after GC invocations=8 (full 1):
 PSYoungGen      total 118784K, used 9300K [0x00000000f5580000, 0x00000000fff00000, 0x0000000100000000)
  eden space 104960K, 0% used [0x00000000f5580000,0x00000000f5580000,0x00000000fbc00000)
  from space 13824K, 67% used [0x00000000fbc00000,0x00000000fc5150c8,0x00000000fc980000)
  to   space 13312K, 0% used [0x00000000ff200000,0x00000000ff200000,0x00000000fff00000)
 ParOldGen       total 175104K, used 9436K [0x00000000e0000000, 0x00000000eab00000, 0x00000000f5580000)
  object space 175104K, 5% used [0x00000000e0000000,0x00000000e09372d0,0x00000000eab00000)
 Metaspace       used 34628K, capacity 35408K, committed 35496K, reserved 1079296K
  class space    used 4605K, capacity 4840K, committed 4864K, reserved 1048576K
}
Event: 29.560 GC heap before
{Heap before GC invocations=9 (full 2):
 PSYoungGen      total 118784K, used 9300K [0x00000000f5580000, 0x00000000fff00000, 0x0000000100000000)
  eden space 104960K, 0% used [0x00000000f5580000,0x00000000f5580000,0x00000000fbc00000)
  from space 13824K, 67% used [0x00000000fbc00000,0x00000000fc5150c8,0x00000000fc980000)
  to   space 13312K, 0% used [0x00000000ff200000,0x00000000ff200000,0x00000000fff00000)
 ParOldGen       total 175104K, used 9436K [0x00000000e0000000, 0x00000000eab00000, 0x00000000f5580000)
  object space 175104K, 5% used [0x00000000e0000000,0x00000000e09372d0,0x00000000eab00000)
 Metaspace       used 34628K, capacity 35408K, committed 35496K, reserved 1079296K
  class space    used 4605K, capacity 4840K, committed 4864K, reserved 1048576K
Event: 29.860 GC heap after
Heap after GC invocations=9 (full 2):
 PSYoungGen      total 118784K, used 0K [0x00000000f5580000, 0x00000000fff00000, 0x0000000100000000)
  eden space 104960K, 0% used [0x00000000f5580000,0x00000000f5580000,0x00000000fbc00000)
  from space 13824K, 0% used [0x00000000fbc00000,0x00000000fbc00000,0x00000000fc980000)
  to   space 13312K, 0% used [0x00000000ff200000,0x00000000ff200000,0x00000000fff00000)
 ParOldGen       total 175104K, used 17286K [0x00000000e0000000, 0x00000000eab00000, 0x00000000f5580000)
  object space 175104K, 9% used [0x00000000e0000000,0x00000000e10e1b70,0x00000000eab00000)
 Metaspace       used 34593K, capacity 35366K, committed 35496K, reserved 1079296K
  class space    used 4594K, capacity 4826K, committed 4864K, reserved 1048576K
}
Event: 37.289 GC heap before
{Heap before GC invocations=10 (full 2):
 PSYoungGen      total 118784K, used 104960K [0x00000000f5580000, 0x00000000fff00000, 0x0000000100000000)
  eden space 104960K, 100% used [0x00000000f5580000,0x00000000fbc00000,0x00000000fbc00000)
  from space 13824K, 0% used [0x00000000fbc00000,0x00000000fbc00000,0x00000000fc980000)
  to   space 13312K, 0% used [0x00000000ff200000,0x00000000ff200000,0x00000000fff00000)
 ParOldGen       total 175104K, used 17286K [0x00000000e0000000, 0x00000000eab00000, 0x00000000f5580000)
  object space 175104K, 9% used [0x00000000e0000000,0x00000000e10e1b70,0x00000000eab00000)
 Metaspace       used 41368K, capacity 42354K, committed 42752K, reserved 1085440K
  class space    used 5490K, capacity 5764K, committed 5888K, reserved 1048576K
Event: 37.447 GC heap after
Heap after GC invocations=10 (full 2):
 PSYoungGen      total 160256K, used 9123K [0x00000000f5580000, 0x00000000ffe80000, 0x0000000100000000)
  eden space 147456K, 0% used [0x00000000f5580000,0x00000000f5580000,0x00000000fe580000)
  from space 12800K, 71% used [0x00000000ff200000,0x00000000ffae8da0,0x00000000ffe80000)
  to   space 12800K, 0% used [0x00000000fe580000,0x00000000fe580000,0x00000000ff200000)
 ParOldGen       total 175104K, used 17286K [0x00000000e0000000, 0x00000000eab00000, 0x00000000f5580000)
  object space 175104K, 9% used [0x00000000e0000000,0x00000000e10e1b70,0x00000000eab00000)
 Metaspace       used 41368K, capacity 42354K, committed 42752K, reserved 1085440K
  class space    used 5490K, capacity 5764K, committed 5888K, reserved 1048576K
}

Deoptimization events (10 events):
Event: 40.888 Thread 0x000002b3779b7000 Uncommon trap: reason=unstable_if action=reinterpret pc=0x000002b300cc4f9c method=java.io.BufferedReader.readLine(Z)Ljava/lang/String; @ 160
Event: 50.335 Thread 0x000002b379581800 Uncommon trap: reason=unstable_if action=reinterpret pc=0x000002b300388950 method=java.util.concurrent.locks.ReentrantLock$Sync.nonfairTryAcquire(I)Z @ 34
Event: 50.335 Thread 0x000002b379581800 Uncommon trap: reason=unstable_if action=reinterpret pc=0x000002b300e650d0 method=java.util.concurrent.locks.ReentrantLock$Sync.nonfairTryAcquire(I)Z @ 34
Event: 50.487 Thread 0x000002b379581800 Uncommon trap: reason=unstable_if action=reinterpret pc=0x000002b300ef7eac method=com.sun.crypto.provider.GaloisCounterMode.increment32([B)V @ 39
Event: 50.490 Thread 0x000002b379581800 Uncommon trap: reason=unstable_if action=reinterpret pc=0x000002b300ef7120 method=com.sun.crypto.provider.GaloisCounterMode.increment32([B)V @ 39
Event: 52.882 Thread 0x000002b3779be000 Uncommon trap: reason=unstable_if action=reinterpret pc=0x000002b300b112f8 method=java.io.ObjectOutputStream$BlockDataOutputStream.writeBytes(Ljava/lang/String;)V @ 22
Event: 55.361 Thread 0x000002b3779b7000 Uncommon trap: reason=class_check action=maybe_recompile pc=0x000002b300195428 method=java.lang.String.equals(Ljava/lang/Object;)Z @ 8
Event: 55.361 Thread 0x000002b3779b7000 Uncommon trap: reason=class_check action=maybe_recompile pc=0x000002b300195428 method=java.lang.String.equals(Ljava/lang/Object;)Z @ 8
Event: 55.361 Thread 0x000002b3779b7000 Uncommon trap: reason=class_check action=maybe_recompile pc=0x000002b300195428 method=java.lang.String.equals(Ljava/lang/Object;)Z @ 8
Event: 55.361 Thread 0x000002b3779b7000 Uncommon trap: reason=class_check action=maybe_recompile pc=0x000002b300195428 method=java.lang.String.equals(Ljava/lang/Object;)Z @ 8

Classes redefined (0 events):
No events

Internal exceptions (10 events):
Event: 53.259 Thread 0x000002b379581800 Exception <a 'java/io/IOException'> (0x00000000f8389a70) thrown at [C:\cygwin64\tmp\openjdk-jdk8u-windows-x64-hotspot\workspace\build\src\hotspot\src\share\vm\prims\jni.cpp, line 710]
Event: 53.645 Thread 0x000002b37957a000 Exception <a 'java/io/FileNotFoundException'> (0x00000000f804d1e0) thrown at [C:\cygwin64\tmp\openjdk-jdk8u-windows-x64-hotspot\workspace\build\src\hotspot\src\share\vm\prims\jni.cpp, line 710]
Event: 53.711 Thread 0x000002b3779b7000 Exception <a 'java/net/SocketTimeoutException': Read timed out> (0x00000000f7c16ae8) thrown at [C:\cygwin64\tmp\openjdk-jdk8u-windows-x64-hotspot\workspace\build\src\hotspot\src\share\vm\prims\jni.cpp, line 737]
Event: 53.743 Thread 0x000002b3779b7000 Exception <a 'java/net/SocketTimeoutException': Read timed out> (0x00000000f7c1f618) thrown at [C:\cygwin64\tmp\openjdk-jdk8u-windows-x64-hotspot\workspace\build\src\hotspot\src\share\vm\prims\jni.cpp, line 737]
Event: 54.083 Thread 0x000002b37957a000 Exception <a 'java/io/IOException'> (0x00000000f8dd8ef8) thrown at [C:\cygwin64\tmp\openjdk-jdk8u-windows-x64-hotspot\workspace\build\src\hotspot\src\share\vm\prims\jni.cpp, line 710]
Event: 55.025 Thread 0x000002b3779be000 Exception <a 'java/lang/NoSuchMethodError': <clinit>> (0x00000000f94a4b08) thrown at [C:\cygwin64\tmp\openjdk-jdk8u-windows-x64-hotspot\workspace\build\src\hotspot\src\share\vm\prims\jni.cpp, line 1615]
Event: 55.025 Thread 0x000002b3779be000 Exception <a 'java/lang/NoSuchMethodError': <clinit>> (0x00000000f94a66c8) thrown at [C:\cygwin64\tmp\openjdk-jdk8u-windows-x64-hotspot\workspace\build\src\hotspot\src\share\vm\prims\jni.cpp, line 1615]
Event: 55.027 Thread 0x000002b3779be000 Exception <a 'java/lang/NoSuchMethodError': <clinit>> (0x00000000f94b0318) thrown at [C:\cygwin64\tmp\openjdk-jdk8u-windows-x64-hotspot\workspace\build\src\hotspot\src\share\vm\prims\jni.cpp, line 1615]
Event: 55.028 Thread 0x000002b3779be000 Exception <a 'java/lang/NoSuchMethodError': <clinit>> (0x00000000f94bacf0) thrown at [C:\cygwin64\tmp\openjdk-jdk8u-windows-x64-hotspot\workspace\build\src\hotspot\src\share\vm\prims\jni.cpp, line 1615]
Event: 55.034 Thread 0x000002b3779be000 Exception <a 'java/lang/NoSuchMethodError': <clinit>> (0x00000000f94ce4c8) thrown at [C:\cygwin64\tmp\openjdk-jdk8u-windows-x64-hotspot\workspace\build\src\hotspot\src\share\vm\prims\jni.cpp, line 1615]

Events (10 events):
Event: 56.039 loading class com/google/common/collect/AbstractMapBasedMultimap$SortedKeySet
Event: 56.039 loading class com/google/common/collect/AbstractMapBasedMultimap$SortedKeySet done
Event: 56.040 loading class com/google/common/collect/AbstractMapBasedMultimap$KeySet$1
Event: 56.041 loading class com/google/common/collect/AbstractMapBasedMultimap$KeySet$1 done
Event: 56.042 loading class com/google/common/collect/AbstractMapBasedMultimap$WrappedNavigableSet
Event: 56.042 loading class com/google/common/collect/AbstractMapBasedMultimap$WrappedNavigableSet done
Event: 56.043 loading class com/google/common/collect/AbstractMapBasedMultimap$WrappedSortedSet
Event: 56.043 loading class com/google/common/collect/AbstractMapBasedMultimap$WrappedSortedSet done
Event: 56.044 loading class org/gradle/cache/internal/VersionSpecificCacheCleanupAction$CleanupCondition
Event: 56.044 loading class org/gradle/cache/internal/VersionSpecificCacheCleanupAction$CleanupCondition done


Dynamic libraries:
0x00007ff696f40000 - 0x00007ff696f7a000 	C:\Program Files\AdoptOpenJDK\jdk-8.0.242.08-hotspot\bin\java.exe
0x00007ffd1a7f0000 - 0x00007ffd1a9b1000 	C:\windows\SYSTEM32\ntdll.dll
0x00007ffd19080000 - 0x00007ffd1912d000 	C:\windows\system32\KERNEL32.DLL
0x00007ffd17a00000 - 0x00007ffd17be8000 	C:\windows\system32\KERNELBASE.dll
0x00007ffd18040000 - 0x00007ffd180e7000 	C:\windows\system32\ADVAPI32.dll
0x00007ffd18cc0000 - 0x00007ffd18d5d000 	C:\windows\system32\msvcrt.dll
0x00007ffd18d60000 - 0x00007ffd18dbb000 	C:\windows\system32\sechost.dll
0x00007ffd1a6d0000 - 0x00007ffd1a7ec000 	C:\windows\system32\RPCRT4.dll
0x00007ffd17d00000 - 0x00007ffd17e56000 	C:\windows\system32\USER32.dll
0x00007ffd180f0000 - 0x00007ffd18276000 	C:\windows\system32\GDI32.dll
0x00007ffd0baf0000 - 0x00007ffd0bd64000 	C:\windows\WinSxS\amd64_microsoft.windows.common-controls_6595b64144ccf1df_6.0.10586.0_none_8c15ae12515e1c22\COMCTL32.dll
0x00007ffd18a40000 - 0x00007ffd18cbd000 	C:\windows\system32\combase.dll
0x00007ffd16ec0000 - 0x00007ffd16f2a000 	C:\windows\system32\bcryptPrimitives.dll
0x00007ffd17e60000 - 0x00007ffd17e9b000 	C:\windows\system32\IMM32.DLL
0x00007ffcf0b90000 - 0x00007ffcf0c7f000 	C:\Program Files\AdoptOpenJDK\jdk-8.0.242.08-hotspot\jre\bin\msvcr120.dll
0x00007ffcf1750000 - 0x00007ffcf17f6000 	C:\Program Files\AdoptOpenJDK\jdk-8.0.242.08-hotspot\jre\bin\msvcp120.dll
0x000000006a340000 - 0x000000006ab41000 	C:\Program Files\AdoptOpenJDK\jdk-8.0.242.08-hotspot\jre\bin\server\jvm.dll
0x00007ffd19140000 - 0x00007ffd19148000 	C:\windows\system32\PSAPI.DLL
0x00007ffd12b40000 - 0x00007ffd12b49000 	C:\windows\SYSTEM32\WSOCK32.dll
0x00007ffd0be70000 - 0x00007ffd0be7a000 	C:\windows\SYSTEM32\VERSION.dll
0x00007ffd189d0000 - 0x00007ffd18a3b000 	C:\windows\system32\WS2_32.dll
0x00007ffd15090000 - 0x00007ffd150b3000 	C:\windows\SYSTEM32\WINMM.dll
0x00007ffd15030000 - 0x00007ffd1505c000 	C:\windows\SYSTEM32\WINMMBASE.dll
0x00007ffd17040000 - 0x00007ffd17083000 	C:\windows\system32\cfgmgr32.dll
0x00007ffd15200000 - 0x00007ffd1520f000 	C:\Program Files\AdoptOpenJDK\jdk-8.0.242.08-hotspot\jre\bin\verify.dll
0x00007ffd00b40000 - 0x00007ffd00b68000 	C:\Program Files\AdoptOpenJDK\jdk-8.0.242.08-hotspot\jre\bin\java.dll
0x00007ffd0cc90000 - 0x00007ffd0cca6000 	C:\Program Files\AdoptOpenJDK\jdk-8.0.242.08-hotspot\jre\bin\zip.dll
0x00007ffd19150000 - 0x00007ffd1a6ac000 	C:\windows\system32\SHELL32.dll
0x00007ffd173b0000 - 0x00007ffd179f4000 	C:\windows\system32\windows.storage.dll
0x00007ffd17bf0000 - 0x00007ffd17c42000 	C:\windows\system32\shlwapi.dll
0x00007ffd16e70000 - 0x00007ffd16e7f000 	C:\windows\system32\kernel.appcore.dll
0x00007ffd172f0000 - 0x00007ffd173a5000 	C:\windows\system32\shcore.dll
0x00007ffd16e10000 - 0x00007ffd16e5b000 	C:\windows\system32\powrprof.dll
0x00007ffd16e80000 - 0x00007ffd16e94000 	C:\windows\system32\profapi.dll
0x00007ffd06350000 - 0x00007ffd0636a000 	C:\Program Files\AdoptOpenJDK\jdk-8.0.242.08-hotspot\jre\bin\net.dll
0x00007ffd166e0000 - 0x00007ffd1673c000 	C:\windows\system32\mswsock.dll
0x00007ffd05fe0000 - 0x00007ffd05ff2000 	C:\Program Files\AdoptOpenJDK\jdk-8.0.242.08-hotspot\jre\bin\nio.dll
0x00007ffcf14e0000 - 0x00007ffcf1506000 	C:\Users\vjsud\.gradle\native\30\windows-amd64\native-platform.dll
0x00007ffd0e1d0000 - 0x00007ffd0e1dd000 	C:\Program Files\AdoptOpenJDK\jdk-8.0.242.08-hotspot\jre\bin\management.dll
0x00007ffd16790000 - 0x00007ffd167a7000 	C:\windows\SYSTEM32\CRYPTSP.dll
0x00007ffd16420000 - 0x00007ffd16454000 	C:\windows\system32\rsaenh.dll
0x00007ffd16d40000 - 0x00007ffd16d69000 	C:\windows\SYSTEM32\bcrypt.dll
0x00007ffd16570000 - 0x00007ffd1658f000 	C:\windows\SYSTEM32\USERENV.dll
0x00007ffd168b0000 - 0x00007ffd168bb000 	C:\windows\SYSTEM32\CRYPTBASE.dll
0x00007ffd0c0b0000 - 0x00007ffd0c0e8000 	C:\windows\SYSTEM32\IPHLPAPI.DLL
0x00007ffd17ea0000 - 0x00007ffd17ea8000 	C:\windows\system32\NSI.dll
0x00007ffd0b920000 - 0x00007ffd0b936000 	C:\windows\SYSTEM32\dhcpcsvc6.DLL
0x00007ffd0b530000 - 0x00007ffd0b54a000 	C:\windows\SYSTEM32\dhcpcsvc.DLL
0x00007ffcf1720000 - 0x00007ffcf1743000 	C:\Program Files\AdoptOpenJDK\jdk-8.0.242.08-hotspot\jre\bin\sunec.dll
0x00007ffd15790000 - 0x00007ffd1583a000 	C:\windows\SYSTEM32\DNSAPI.dll
0x000000006c580000 - 0x000000006c5a6000 	C:\Program Files\Bonjour\mdnsNSP.dll
0x00007ffd06e60000 - 0x00007ffd06e6a000 	C:\Windows\System32\rasadhlp.dll
0x00007ffd0bfd0000 - 0x00007ffd0c037000 	C:\windows\System32\fwpuclnt.dll
0x00007ffd0d920000 - 0x00007ffd0d92b000 	C:\Program Files\AdoptOpenJDK\jdk-8.0.242.08-hotspot\jre\bin\sunmscapi.dll
0x00007ffd17090000 - 0x00007ffd17258000 	C:\windows\system32\CRYPT32.dll
0x00007ffd16e60000 - 0x00007ffd16e70000 	C:\windows\system32\MSASN1.dll

VM Arguments:
jvm_args: -XX:MaxMetaspaceSize=256m -XX:+HeapDumpOnOutOfMemoryError -Xms256m -Xmx512m -Dfile.encoding=utf8 -Duser.country=US -Duser.language=en -Duser.variant 
java_command: org.gradle.launcher.daemon.bootstrap.GradleDaemon 6.0.1
java_class_path (initial): C:\Users\vjsud\.gradle\permwrapper\dists\gradle-6.0.1-bin\1lxlpkiy24sb18odw96cp4ojv\gradle-6.0.1\lib\gradle-launcher-6.0.1.jar
Launcher Type: SUN_STANDARD

Environment Variables:
JAVA_HOME=C:\Program Files\AdoptOpenJDK\jdk-8.0.242.08-hotspot\
PATH=C:\Program Files\AdoptOpenJDK\jdk-8.0.242.08-hotspot\bin;C:\Program Files (x86)\Intel\TXE Components\TCS\;C:\Program Files\Intel\TXE Components\TCS\;C:\windows\system32;C:\windows;C:\windows\System32\Wbem;C:\windows\System32\WindowsPowerShell\v1.0\;C:\Program Files\Intel\TXE Components\DAL\;C:\Program Files (x86)\Intel\TXE Components\DAL\;C:\Program Files\Intel\TXE Components\IPT\;C:\Program Files (x86)\Intel\TXE Components\IPT\;c:\Program Files\Intel\WiFi\bin\;c:\Program Files\Common Files\Intel\WirelessCommon\;;C:\Users\vjsud\AppData\Local\Programs\Microsoft VS Code\bin
USERNAME=vjsud
OS=Windows_NT
PROCESSOR_IDENTIFIER=Intel64 Family 6 Model 76 Stepping 4, GenuineIntel



---------------  S Y S T E M  ---------------

OS: Windows 10.0 , 64 bit Build 10586 (10.0.10586.0)

CPU:total 2 (initial active 2) (2 cores per cpu, 1 threads per core) family 6 model 76 stepping 4, cmov, cx8, fxsr, mmx, sse, sse2, sse3, ssse3, sse4.1, sse4.2, popcnt, aes, clmul, erms, 3dnowpref, tsc, tscinvbit

Memory: 4k page, physical 4097616k(339140k free), swap 5219632k(15716k free)

vm_info: OpenJDK 64-Bit Server VM (25.242-b08) for windows-amd64 JRE (1.8.0_242-b08), built on Jan 19 2020 14:45:52 by "jenkins" with MS VC++ 12.0 (VS2013)

time: Sat Feb 01 10:07:58 2020
timezone: Central Standard Time
elapsed time: 56 seconds (0d 0h 0m 56s)

